d:\currgamesprojects\impressivetitleremakepocdata\kitobase\deps\raknet-3.25\lib\raknetlibstaticdebug.pdb
d:\currgamesprojects\impressivetitleremakepocdata\kitobase\deps\raknet-3.25\lib\raknetlibstaticdebug.idb
d:\currgamesprojects\impressivetitleremakepocdata\kitobase\deps\raknet-3.25\lib\libstatic\debug\rand.obj
d:\currgamesprojects\impressivetitleremakepocdata\kitobase\deps\raknet-3.25\lib\libstatic\debug\readyevent.obj
d:\currgamesprojects\impressivetitleremakepocdata\kitobase\deps\raknet-3.25\lib\libstatic\debug\reliabilitylayer.obj
d:\currgamesprojects\impressivetitleremakepocdata\kitobase\deps\raknet-3.25\lib\libstatic\debug\replicamanager.obj
d:\currgamesprojects\impressivetitleremakepocdata\kitobase\deps\raknet-3.25\lib\libstatic\debug\replicamanager2.obj
d:\currgamesprojects\impressivetitleremakepocdata\kitobase\deps\raknet-3.25\lib\libstatic\debug\rijndael.obj
d:\currgamesprojects\impressivetitleremakepocdata\kitobase\deps\raknet-3.25\lib\libstatic\debug\router.obj
d:\currgamesprojects\impressivetitleremakepocdata\kitobase\deps\raknet-3.25\lib\libstatic\debug\rpcmap.obj
d:\currgamesprojects\impressivetitleremakepocdata\kitobase\deps\raknet-3.25\lib\libstatic\debug\sha1.obj
d:\currgamesprojects\impressivetitleremakepocdata\kitobase\deps\raknet-3.25\lib\libstatic\debug\simplemutex.obj
d:\currgamesprojects\impressivetitleremakepocdata\kitobase\deps\raknet-3.25\lib\libstatic\debug\socketlayer.obj
d:\currgamesprojects\impressivetitleremakepocdata\kitobase\deps\raknet-3.25\lib\libstatic\debug\stringcompressor.obj
d:\currgamesprojects\impressivetitleremakepocdata\kitobase\deps\raknet-3.25\lib\libstatic\debug\stringtable.obj
d:\currgamesprojects\impressivetitleremakepocdata\kitobase\deps\raknet-3.25\lib\libstatic\debug\superfasthash.obj
d:\currgamesprojects\impressivetitleremakepocdata\kitobase\deps\raknet-3.25\lib\libstatic\debug\systemaddresslist.obj
d:\currgamesprojects\impressivetitleremakepocdata\kitobase\deps\raknet-3.25\lib\libstatic\debug\tableserializer.obj
d:\currgamesprojects\impressivetitleremakepocdata\kitobase\deps\raknet-3.25\lib\libstatic\debug\tcpinterface.obj
d:\currgamesprojects\impressivetitleremakepocdata\kitobase\deps\raknet-3.25\lib\libstatic\debug\telnettransport.obj
d:\currgamesprojects\impressivetitleremakepocdata\kitobase\deps\raknet-3.25\lib\libstatic\debug\threadsafepacketlogger.obj
d:\currgamesprojects\impressivetitleremakepocdata\kitobase\deps\raknet-3.25\lib\libstatic\debug\_findfirst.obj
d:\currgamesprojects\impressivetitleremakepocdata\kitobase\deps\raknet-3.25\lib\libstatic\debug\linuxstrings.obj
d:\currgamesprojects\impressivetitleremakepocdata\kitobase\deps\raknet-3.25\lib\libstatic\debug\logcommandparser.obj
d:\currgamesprojects\impressivetitleremakepocdata\kitobase\deps\raknet-3.25\lib\libstatic\debug\messagefilter.obj
d:\currgamesprojects\impressivetitleremakepocdata\kitobase\deps\raknet-3.25\lib\libstatic\debug\natpunchthrough.obj
d:\currgamesprojects\impressivetitleremakepocdata\kitobase\deps\raknet-3.25\lib\libstatic\debug\networkidmanager.obj
d:\currgamesprojects\impressivetitleremakepocdata\kitobase\deps\raknet-3.25\lib\libstatic\debug\networkidobject.obj
d:\currgamesprojects\impressivetitleremakepocdata\kitobase\deps\raknet-3.25\lib\libstatic\debug\packetconsolelogger.obj
d:\currgamesprojects\impressivetitleremakepocdata\kitobase\deps\raknet-3.25\lib\libstatic\debug\packetfilelogger.obj
d:\currgamesprojects\impressivetitleremakepocdata\kitobase\deps\raknet-3.25\lib\libstatic\debug\packetlogger.obj
d:\currgamesprojects\impressivetitleremakepocdata\kitobase\deps\raknet-3.25\lib\libstatic\debug\plugininterface.obj
d:\currgamesprojects\impressivetitleremakepocdata\kitobase\deps\raknet-3.25\lib\libstatic\debug\rakmemoryoverride.obj
d:\currgamesprojects\impressivetitleremakepocdata\kitobase\deps\raknet-3.25\lib\libstatic\debug\raknetcommandparser.obj
d:\currgamesprojects\impressivetitleremakepocdata\kitobase\deps\raknet-3.25\lib\libstatic\debug\raknetstatistics.obj
d:\currgamesprojects\impressivetitleremakepocdata\kitobase\deps\raknet-3.25\lib\libstatic\debug\raknettransport.obj
d:\currgamesprojects\impressivetitleremakepocdata\kitobase\deps\raknet-3.25\lib\libstatic\debug\raknettypes.obj
d:\currgamesprojects\impressivetitleremakepocdata\kitobase\deps\raknet-3.25\lib\libstatic\debug\raknetworkfactory.obj
d:\currgamesprojects\impressivetitleremakepocdata\kitobase\deps\raknet-3.25\lib\libstatic\debug\rakpeer.obj
d:\currgamesprojects\impressivetitleremakepocdata\kitobase\deps\raknet-3.25\lib\libstatic\debug\raksleep.obj
d:\currgamesprojects\impressivetitleremakepocdata\kitobase\deps\raknet-3.25\lib\libstatic\debug\rakstring.obj
d:\currgamesprojects\impressivetitleremakepocdata\kitobase\deps\raknet-3.25\lib\libstatic\debug\rakthread.obj
d:\currgamesprojects\impressivetitleremakepocdata\kitobase\deps\raknet-3.25\lib\libstatic\debug\ds_bytequeue.obj
d:\currgamesprojects\impressivetitleremakepocdata\kitobase\deps\raknet-3.25\lib\libstatic\debug\ds_huffmanencodingtree.obj
d:\currgamesprojects\impressivetitleremakepocdata\kitobase\deps\raknet-3.25\lib\libstatic\debug\ds_table.obj
d:\currgamesprojects\impressivetitleremakepocdata\kitobase\deps\raknet-3.25\lib\libstatic\debug\emailsender.obj
d:\currgamesprojects\impressivetitleremakepocdata\kitobase\deps\raknet-3.25\lib\libstatic\debug\encodeclassname.obj
d:\currgamesprojects\impressivetitleremakepocdata\kitobase\deps\raknet-3.25\lib\libstatic\debug\epochtimetostring.obj
d:\currgamesprojects\impressivetitleremakepocdata\kitobase\deps\raknet-3.25\lib\libstatic\debug\extendedoverlappedpool.obj
d:\currgamesprojects\impressivetitleremakepocdata\kitobase\deps\raknet-3.25\lib\libstatic\debug\filelist.obj
d:\currgamesprojects\impressivetitleremakepocdata\kitobase\deps\raknet-3.25\lib\libstatic\debug\filelisttransfer.obj
d:\currgamesprojects\impressivetitleremakepocdata\kitobase\deps\raknet-3.25\lib\libstatic\debug\fileoperations.obj
d:\currgamesprojects\impressivetitleremakepocdata\kitobase\deps\raknet-3.25\lib\libstatic\debug\formatstring.obj
d:\currgamesprojects\impressivetitleremakepocdata\kitobase\deps\raknet-3.25\lib\libstatic\debug\fullyconnectedmesh.obj
d:\currgamesprojects\impressivetitleremakepocdata\kitobase\deps\raknet-3.25\lib\libstatic\debug\functionthread.obj
d:\currgamesprojects\impressivetitleremakepocdata\kitobase\deps\raknet-3.25\lib\libstatic\debug\gettime.obj
d:\currgamesprojects\impressivetitleremakepocdata\kitobase\deps\raknet-3.25\lib\libstatic\debug\gridsectorizer.obj
d:\currgamesprojects\impressivetitleremakepocdata\kitobase\deps\raknet-3.25\lib\libstatic\debug\httpconnection.obj
d:\currgamesprojects\impressivetitleremakepocdata\kitobase\deps\raknet-3.25\lib\libstatic\debug\itoa.obj
d:\currgamesprojects\impressivetitleremakepocdata\kitobase\deps\raknet-3.25\lib\libstatic\debug\lightweightdatabaseclient.obj
d:\currgamesprojects\impressivetitleremakepocdata\kitobase\deps\raknet-3.25\lib\libstatic\debug\lightweightdatabasecommon.obj
d:\currgamesprojects\impressivetitleremakepocdata\kitobase\deps\raknet-3.25\lib\libstatic\debug\lightweightdatabaseserver.obj
d:\currgamesprojects\impressivetitleremakepocdata\kitobase\deps\raknet-3.25\lib\libstatic\debug\asynchronousfileio.obj
d:\currgamesprojects\impressivetitleremakepocdata\kitobase\deps\raknet-3.25\lib\libstatic\debug\bitstream.obj
d:\currgamesprojects\impressivetitleremakepocdata\kitobase\deps\raknet-3.25\lib\libstatic\debug\bitstream_notemplate.obj
d:\currgamesprojects\impressivetitleremakepocdata\kitobase\deps\raknet-3.25\lib\libstatic\debug\checksum.obj
d:\currgamesprojects\impressivetitleremakepocdata\kitobase\deps\raknet-3.25\lib\libstatic\debug\commandparserinterface.obj
d:\currgamesprojects\impressivetitleremakepocdata\kitobase\deps\raknet-3.25\lib\libstatic\debug\connectiongraph.obj
d:\currgamesprojects\impressivetitleremakepocdata\kitobase\deps\raknet-3.25\lib\libstatic\debug\consoleserver.obj
d:\currgamesprojects\impressivetitleremakepocdata\kitobase\deps\raknet-3.25\lib\libstatic\debug\datablockencryptor.obj
d:\currgamesprojects\impressivetitleremakepocdata\kitobase\deps\raknet-3.25\lib\libstatic\debug\datacompressor.obj
d:\currgamesprojects\impressivetitleremakepocdata\kitobase\deps\raknet-3.25\lib\libstatic\debug\directorydeltatransfer.obj
d:\currgamesprojects\impressivetitleremakepocdata\kitobase\deps\raknet-3.25\lib\libstatic\debug\ds_bytepool.obj
d:\currgamesprojects\impressivetitleremakepocdata\kitobase\deps\raknet-3.25\lib\raknetlibstaticdebug
d:\currgamesprojects\impressivetitleremakepocdata\kitobase\deps\raknet-3.25\lib\raknetlibstaticdebug.lib
d:\currgamesprojects\impressivetitleremakepocdata\kitobase - copie\deps\raknet-3.25\lib\libstatic\debug\asynchronousfileio.obj
d:\currgamesprojects\impressivetitleremakepocdata\kitobase - copie\deps\raknet-3.25\lib\libstatic\debug\bitstream.obj
d:\currgamesprojects\impressivetitleremakepocdata\kitobase - copie\deps\raknet-3.25\lib\libstatic\debug\bitstream_notemplate.obj
d:\currgamesprojects\impressivetitleremakepocdata\kitobase - copie\deps\raknet-3.25\lib\libstatic\debug\checksum.obj
d:\currgamesprojects\impressivetitleremakepocdata\kitobase - copie\deps\raknet-3.25\lib\libstatic\debug\commandparserinterface.obj
d:\currgamesprojects\impressivetitleremakepocdata\kitobase - copie\deps\raknet-3.25\lib\libstatic\debug\connectiongraph.obj
d:\currgamesprojects\impressivetitleremakepocdata\kitobase - copie\deps\raknet-3.25\lib\libstatic\debug\consoleserver.obj
d:\currgamesprojects\impressivetitleremakepocdata\kitobase - copie\deps\raknet-3.25\lib\libstatic\debug\datablockencryptor.obj
d:\currgamesprojects\impressivetitleremakepocdata\kitobase - copie\deps\raknet-3.25\lib\libstatic\debug\datacompressor.obj
d:\currgamesprojects\impressivetitleremakepocdata\kitobase - copie\deps\raknet-3.25\lib\libstatic\debug\directorydeltatransfer.obj
d:\currgamesprojects\impressivetitleremakepocdata\kitobase - copie\deps\raknet-3.25\lib\libstatic\debug\ds_bytepool.obj
d:\currgamesprojects\impressivetitleremakepocdata\kitobase - copie\deps\raknet-3.25\lib\libstatic\debug\ds_bytequeue.obj
d:\currgamesprojects\impressivetitleremakepocdata\kitobase - copie\deps\raknet-3.25\lib\libstatic\debug\ds_huffmanencodingtree.obj
d:\currgamesprojects\impressivetitleremakepocdata\kitobase - copie\deps\raknet-3.25\lib\libstatic\debug\ds_table.obj
d:\currgamesprojects\impressivetitleremakepocdata\kitobase - copie\deps\raknet-3.25\lib\libstatic\debug\emailsender.obj
d:\currgamesprojects\impressivetitleremakepocdata\kitobase - copie\deps\raknet-3.25\lib\libstatic\debug\encodeclassname.obj
d:\currgamesprojects\impressivetitleremakepocdata\kitobase - copie\deps\raknet-3.25\lib\libstatic\debug\epochtimetostring.obj
d:\currgamesprojects\impressivetitleremakepocdata\kitobase - copie\deps\raknet-3.25\lib\libstatic\debug\extendedoverlappedpool.obj
d:\currgamesprojects\impressivetitleremakepocdata\kitobase - copie\deps\raknet-3.25\lib\libstatic\debug\filelist.obj
d:\currgamesprojects\impressivetitleremakepocdata\kitobase - copie\deps\raknet-3.25\lib\libstatic\debug\filelisttransfer.obj
d:\currgamesprojects\impressivetitleremakepocdata\kitobase - copie\deps\raknet-3.25\lib\libstatic\debug\fileoperations.obj
d:\currgamesprojects\impressivetitleremakepocdata\kitobase - copie\deps\raknet-3.25\lib\libstatic\debug\formatstring.obj
d:\currgamesprojects\impressivetitleremakepocdata\kitobase - copie\deps\raknet-3.25\lib\libstatic\debug\fullyconnectedmesh.obj
d:\currgamesprojects\impressivetitleremakepocdata\kitobase - copie\deps\raknet-3.25\lib\libstatic\debug\functionthread.obj
d:\currgamesprojects\impressivetitleremakepocdata\kitobase - copie\deps\raknet-3.25\lib\libstatic\debug\gettime.obj
d:\currgamesprojects\impressivetitleremakepocdata\kitobase - copie\deps\raknet-3.25\lib\libstatic\debug\gridsectorizer.obj
d:\currgamesprojects\impressivetitleremakepocdata\kitobase - copie\deps\raknet-3.25\lib\libstatic\debug\httpconnection.obj
d:\currgamesprojects\impressivetitleremakepocdata\kitobase - copie\deps\raknet-3.25\lib\libstatic\debug\itoa.obj
d:\currgamesprojects\impressivetitleremakepocdata\kitobase - copie\deps\raknet-3.25\lib\libstatic\debug\lightweightdatabaseclient.obj
d:\currgamesprojects\impressivetitleremakepocdata\kitobase - copie\deps\raknet-3.25\lib\libstatic\debug\lightweightdatabasecommon.obj
d:\currgamesprojects\impressivetitleremakepocdata\kitobase - copie\deps\raknet-3.25\lib\libstatic\debug\lightweightdatabaseserver.obj
d:\currgamesprojects\impressivetitleremakepocdata\kitobase - copie\deps\raknet-3.25\lib\libstatic\debug\linuxstrings.obj
d:\currgamesprojects\impressivetitleremakepocdata\kitobase - copie\deps\raknet-3.25\lib\libstatic\debug\logcommandparser.obj
d:\currgamesprojects\impressivetitleremakepocdata\kitobase - copie\deps\raknet-3.25\lib\libstatic\debug\messagefilter.obj
d:\currgamesprojects\impressivetitleremakepocdata\kitobase - copie\deps\raknet-3.25\lib\libstatic\debug\natpunchthrough.obj
d:\currgamesprojects\impressivetitleremakepocdata\kitobase - copie\deps\raknet-3.25\lib\libstatic\debug\networkidmanager.obj
d:\currgamesprojects\impressivetitleremakepocdata\kitobase - copie\deps\raknet-3.25\lib\libstatic\debug\networkidobject.obj
d:\currgamesprojects\impressivetitleremakepocdata\kitobase - copie\deps\raknet-3.25\lib\libstatic\debug\packetconsolelogger.obj
d:\currgamesprojects\impressivetitleremakepocdata\kitobase - copie\deps\raknet-3.25\lib\libstatic\debug\packetfilelogger.obj
d:\currgamesprojects\impressivetitleremakepocdata\kitobase - copie\deps\raknet-3.25\lib\libstatic\debug\packetlogger.obj
d:\currgamesprojects\impressivetitleremakepocdata\kitobase - copie\deps\raknet-3.25\lib\libstatic\debug\plugininterface.obj
d:\currgamesprojects\impressivetitleremakepocdata\kitobase - copie\deps\raknet-3.25\lib\libstatic\debug\rakmemoryoverride.obj
d:\currgamesprojects\impressivetitleremakepocdata\kitobase - copie\deps\raknet-3.25\lib\libstatic\debug\raknetcommandparser.obj
d:\currgamesprojects\impressivetitleremakepocdata\kitobase - copie\deps\raknet-3.25\lib\libstatic\debug\raknetstatistics.obj
d:\currgamesprojects\impressivetitleremakepocdata\kitobase - copie\deps\raknet-3.25\lib\libstatic\debug\raknettransport.obj
d:\currgamesprojects\impressivetitleremakepocdata\kitobase - copie\deps\raknet-3.25\lib\libstatic\debug\raknettypes.obj
d:\currgamesprojects\impressivetitleremakepocdata\kitobase - copie\deps\raknet-3.25\lib\libstatic\debug\raknetworkfactory.obj
d:\currgamesprojects\impressivetitleremakepocdata\kitobase - copie\deps\raknet-3.25\lib\libstatic\debug\rakpeer.obj
d:\currgamesprojects\impressivetitleremakepocdata\kitobase - copie\deps\raknet-3.25\lib\libstatic\debug\raksleep.obj
d:\currgamesprojects\impressivetitleremakepocdata\kitobase - copie\deps\raknet-3.25\lib\libstatic\debug\rakstring.obj
d:\currgamesprojects\impressivetitleremakepocdata\kitobase - copie\deps\raknet-3.25\lib\libstatic\debug\rakthread.obj
d:\currgamesprojects\impressivetitleremakepocdata\kitobase - copie\deps\raknet-3.25\lib\libstatic\debug\rand.obj
d:\currgamesprojects\impressivetitleremakepocdata\kitobase - copie\deps\raknet-3.25\lib\libstatic\debug\readyevent.obj
d:\currgamesprojects\impressivetitleremakepocdata\kitobase - copie\deps\raknet-3.25\lib\libstatic\debug\reliabilitylayer.obj
d:\currgamesprojects\impressivetitleremakepocdata\kitobase - copie\deps\raknet-3.25\lib\libstatic\debug\replicamanager.obj
d:\currgamesprojects\impressivetitleremakepocdata\kitobase - copie\deps\raknet-3.25\lib\libstatic\debug\replicamanager2.obj
d:\currgamesprojects\impressivetitleremakepocdata\kitobase - copie\deps\raknet-3.25\lib\libstatic\debug\rijndael.obj
d:\currgamesprojects\impressivetitleremakepocdata\kitobase - copie\deps\raknet-3.25\lib\libstatic\debug\router.obj
d:\currgamesprojects\impressivetitleremakepocdata\kitobase - copie\deps\raknet-3.25\lib\libstatic\debug\rpcmap.obj
d:\currgamesprojects\impressivetitleremakepocdata\kitobase - copie\deps\raknet-3.25\lib\libstatic\debug\sha1.obj
d:\currgamesprojects\impressivetitleremakepocdata\kitobase - copie\deps\raknet-3.25\lib\libstatic\debug\simplemutex.obj
d:\currgamesprojects\impressivetitleremakepocdata\kitobase - copie\deps\raknet-3.25\lib\libstatic\debug\socketlayer.obj
d:\currgamesprojects\impressivetitleremakepocdata\kitobase - copie\deps\raknet-3.25\lib\libstatic\debug\stringcompressor.obj
d:\currgamesprojects\impressivetitleremakepocdata\kitobase - copie\deps\raknet-3.25\lib\libstatic\debug\stringtable.obj
d:\currgamesprojects\impressivetitleremakepocdata\kitobase - copie\deps\raknet-3.25\lib\libstatic\debug\superfasthash.obj
d:\currgamesprojects\impressivetitleremakepocdata\kitobase - copie\deps\raknet-3.25\lib\libstatic\debug\systemaddresslist.obj
d:\currgamesprojects\impressivetitleremakepocdata\kitobase - copie\deps\raknet-3.25\lib\libstatic\debug\tableserializer.obj
d:\currgamesprojects\impressivetitleremakepocdata\kitobase - copie\deps\raknet-3.25\lib\libstatic\debug\tcpinterface.obj
d:\currgamesprojects\impressivetitleremakepocdata\kitobase - copie\deps\raknet-3.25\lib\libstatic\debug\telnettransport.obj
d:\currgamesprojects\impressivetitleremakepocdata\kitobase - copie\deps\raknet-3.25\lib\libstatic\debug\threadsafepacketlogger.obj
d:\currgamesprojects\impressivetitleremakepocdata\kitobase - copie\deps\raknet-3.25\lib\libstatic\debug\_findfirst.obj
d:\currgamesprojects\impressivetitleremakepocdata\kitobase - copie\deps\raknet-3.25\lib\libstatic\debug\libstatic.tlog\cl.command.1.tlog
d:\currgamesprojects\impressivetitleremakepocdata\kitobase - copie\deps\raknet-3.25\lib\libstatic\debug\libstatic.tlog\cl.read.1.tlog
d:\currgamesprojects\impressivetitleremakepocdata\kitobase - copie\deps\raknet-3.25\lib\libstatic\debug\libstatic.tlog\cl.write.1.tlog
d:\currgamesprojects\impressivetitleremakepocdata\kitobase - copie\deps\raknet-3.25\lib\libstatic\debug\libstatic.tlog\lib-link.write.1.tlog
d:\currgamesprojects\impressivetitleremakepocdata\kitobase - copie\deps\raknet-3.25\lib\libstatic\debug\libstatic.tlog\lib.command.1.tlog
d:\currgamesprojects\impressivetitleremakepocdata\kitobase - copie\deps\raknet-3.25\lib\libstatic\debug\libstatic.tlog\lib.read.1.tlog
