  AsynchronousFileIO.cpp
  BitStream.cpp
  BitStream_NoTemplate.cpp
  CheckSum.cpp
  CommandParserInterface.cpp
D:\CurrGamesProjects\ImpressiveTitleRemakePOCData\KITOBase - Copie\deps\RakNet-3.25\Source\CommandParserInterface.cpp(151,2): warning C4996: 'inet_ntoa': Use inet_ntop() or InetNtop() instead or define _WINSOCK_DEPRECATED_NO_WARNINGS to disable deprecated API warnings
D:\CurrGamesProjects\ImpressiveTitleRemakePOCData\KITOBase - Copie\deps\RakNet-3.25\Source\CommandParserInterface.cpp(152,69): warning C4996: 'inet_ntoa': Use inet_ntop() or InetNtop() instead or define _WINSOCK_DEPRECATED_NO_WARNINGS to disable deprecated API warnings
  ConnectionGraph.cpp
D:\CurrGamesProjects\ImpressiveTitleRemakePOCData\KITOBase - Copie\deps\RakNet-3.25\Source\ConnectionGraph.cpp(94,3): warning C4996: 'strcpy': This function or variable may be unsafe. Consider using strcpy_s instead. To disable deprecation, use _CRT_SECURE_NO_WARNINGS. See online help for details.
  ConsoleServer.cpp
  DataBlockEncryptor.cpp
  DataCompressor.cpp
  DirectoryDeltaTransfer.cpp
D:\CurrGamesProjects\ImpressiveTitleRemakePOCData\KITOBase - Copie\deps\RakNet-3.25\Source\DirectoryDeltaTransfer.cpp(31,4): warning C4996: 'strcpy': This function or variable may be unsafe. Consider using strcpy_s instead. To disable deprecation, use _CRT_SECURE_NO_WARNINGS. See online help for details.
D:\CurrGamesProjects\ImpressiveTitleRemakePOCData\KITOBase - Copie\deps\RakNet-3.25\Source\DirectoryDeltaTransfer.cpp(32,4): warning C4996: 'strcat': This function or variable may be unsafe. Consider using strcat_s instead. To disable deprecation, use _CRT_SECURE_NO_WARNINGS. See online help for details.
D:\CurrGamesProjects\ImpressiveTitleRemakePOCData\KITOBase - Copie\deps\RakNet-3.25\Source\DirectoryDeltaTransfer.cpp(47,4): warning C4996: 'strcpy': This function or variable may be unsafe. Consider using strcpy_s instead. To disable deprecation, use _CRT_SECURE_NO_WARNINGS. See online help for details.
D:\CurrGamesProjects\ImpressiveTitleRemakePOCData\KITOBase - Copie\deps\RakNet-3.25\Source\DirectoryDeltaTransfer.cpp(48,4): warning C4996: 'strcat': This function or variable may be unsafe. Consider using strcat_s instead. To disable deprecation, use _CRT_SECURE_NO_WARNINGS. See online help for details.
D:\CurrGamesProjects\ImpressiveTitleRemakePOCData\KITOBase - Copie\deps\RakNet-3.25\Source\DirectoryDeltaTransfer.cpp(91,4): warning C4996: 'strcat': This function or variable may be unsafe. Consider using strcat_s instead. To disable deprecation, use _CRT_SECURE_NO_WARNINGS. See online help for details.
D:\CurrGamesProjects\ImpressiveTitleRemakePOCData\KITOBase - Copie\deps\RakNet-3.25\Source\DirectoryDeltaTransfer.cpp(89,3): warning C4996: 'strncpy': This function or variable may be unsafe. Consider using strncpy_s instead. To disable deprecation, use _CRT_SECURE_NO_WARNINGS. See online help for details.
D:\CurrGamesProjects\ImpressiveTitleRemakePOCData\KITOBase - Copie\deps\RakNet-3.25\Source\DirectoryDeltaTransfer.cpp(126,3): warning C4996: 'strcpy': This function or variable may be unsafe. Consider using strcpy_s instead. To disable deprecation, use _CRT_SECURE_NO_WARNINGS. See online help for details.
D:\CurrGamesProjects\ImpressiveTitleRemakePOCData\KITOBase - Copie\deps\RakNet-3.25\Source\DirectoryDeltaTransfer.cpp(130,3): warning C4996: 'strcat': This function or variable may be unsafe. Consider using strcat_s instead. To disable deprecation, use _CRT_SECURE_NO_WARNINGS. See online help for details.
D:\CurrGamesProjects\ImpressiveTitleRemakePOCData\KITOBase - Copie\deps\RakNet-3.25\Source\DirectoryDeltaTransfer.cpp(132,3): warning C4996: 'strcat': This function or variable may be unsafe. Consider using strcat_s instead. To disable deprecation, use _CRT_SECURE_NO_WARNINGS. See online help for details.
  DS_BytePool.cpp
  DS_ByteQueue.cpp
  DS_HuffmanEncodingTree.cpp
  DS_Table.cpp
D:\CurrGamesProjects\ImpressiveTitleRemakePOCData\KITOBase - Copie\deps\RakNet-3.25\Source\DS_Table.cpp(85,3): warning C4996: 'strcpy': This function or variable may be unsafe. Consider using strcpy_s instead. To disable deprecation, use _CRT_SECURE_NO_WARNINGS. See online help for details.
D:\CurrGamesProjects\ImpressiveTitleRemakePOCData\KITOBase - Copie\deps\RakNet-3.25\Source\DS_Table.cpp(127,2): warning C4996: 'strcpy': This function or variable may be unsafe. Consider using strcpy_s instead. To disable deprecation, use _CRT_SECURE_NO_WARNINGS. See online help for details.
D:\CurrGamesProjects\ImpressiveTitleRemakePOCData\KITOBase - Copie\deps\RakNet-3.25\Source\DS_Table.cpp(205,2): warning C4996: 'strcpy': This function or variable may be unsafe. Consider using strcpy_s instead. To disable deprecation, use _CRT_SECURE_NO_WARNINGS. See online help for details.
D:\CurrGamesProjects\ImpressiveTitleRemakePOCData\KITOBase - Copie\deps\RakNet-3.25\Source\DS_Table.cpp(873,5): warning C4996: 'sprintf': This function or variable may be unsafe. Consider using sprintf_s instead. To disable deprecation, use _CRT_SECURE_NO_WARNINGS. See online help for details.
D:\CurrGamesProjects\ImpressiveTitleRemakePOCData\KITOBase - Copie\deps\RakNet-3.25\Source\DS_Table.cpp(880,4): warning C4996: 'sprintf': This function or variable may be unsafe. Consider using sprintf_s instead. To disable deprecation, use _CRT_SECURE_NO_WARNINGS. See online help for details.
D:\CurrGamesProjects\ImpressiveTitleRemakePOCData\KITOBase - Copie\deps\RakNet-3.25\Source\DS_Table.cpp(897,3): warning C4996: 'strncpy': This function or variable may be unsafe. Consider using strncpy_s instead. To disable deprecation, use _CRT_SECURE_NO_WARNINGS. See online help for details.
D:\CurrGamesProjects\ImpressiveTitleRemakePOCData\KITOBase - Copie\deps\RakNet-3.25\Source\DS_Table.cpp(912,5): warning C4996: 'sprintf': This function or variable may be unsafe. Consider using sprintf_s instead. To disable deprecation, use _CRT_SECURE_NO_WARNINGS. See online help for details.
D:\CurrGamesProjects\ImpressiveTitleRemakePOCData\KITOBase - Copie\deps\RakNet-3.25\Source\DS_Table.cpp(925,5): warning C4996: 'strncpy': This function or variable may be unsafe. Consider using strncpy_s instead. To disable deprecation, use _CRT_SECURE_NO_WARNINGS. See online help for details.
D:\CurrGamesProjects\ImpressiveTitleRemakePOCData\KITOBase - Copie\deps\RakNet-3.25\Source\DS_Table.cpp(939,5): warning C4996: 'sprintf': This function or variable may be unsafe. Consider using sprintf_s instead. To disable deprecation, use _CRT_SECURE_NO_WARNINGS. See online help for details.
D:\CurrGamesProjects\ImpressiveTitleRemakePOCData\KITOBase - Copie\deps\RakNet-3.25\Source\DS_Table.cpp(964,3): warning C4996: 'strncpy': This function or variable may be unsafe. Consider using strncpy_s instead. To disable deprecation, use _CRT_SECURE_NO_WARNINGS. See online help for details.
  EmailSender.cpp
D:\CurrGamesProjects\ImpressiveTitleRemakePOCData\KITOBase - Copie\deps\RakNet-3.25\Source\EmailSender.cpp(77,3): warning C4996: 'sprintf': This function or variable may be unsafe. Consider using sprintf_s instead. To disable deprecation, use _CRT_SECURE_NO_WARNINGS. See online help for details.
D:\CurrGamesProjects\ImpressiveTitleRemakePOCData\KITOBase - Copie\deps\RakNet-3.25\Source\EmailSender.cpp(96,3): warning C4996: 'sprintf': This function or variable may be unsafe. Consider using sprintf_s instead. To disable deprecation, use _CRT_SECURE_NO_WARNINGS. See online help for details.
D:\CurrGamesProjects\ImpressiveTitleRemakePOCData\KITOBase - Copie\deps\RakNet-3.25\Source\EmailSender.cpp(105,3): warning C4996: 'sprintf': This function or variable may be unsafe. Consider using sprintf_s instead. To disable deprecation, use _CRT_SECURE_NO_WARNINGS. See online help for details.
D:\CurrGamesProjects\ImpressiveTitleRemakePOCData\KITOBase - Copie\deps\RakNet-3.25\Source\EmailSender.cpp(107,3): warning C4996: 'sprintf': This function or variable may be unsafe. Consider using sprintf_s instead. To disable deprecation, use _CRT_SECURE_NO_WARNINGS. See online help for details.
D:\CurrGamesProjects\ImpressiveTitleRemakePOCData\KITOBase - Copie\deps\RakNet-3.25\Source\EmailSender.cpp(111,3): warning C4996: 'sprintf': This function or variable may be unsafe. Consider using sprintf_s instead. To disable deprecation, use _CRT_SECURE_NO_WARNINGS. See online help for details.
D:\CurrGamesProjects\ImpressiveTitleRemakePOCData\KITOBase - Copie\deps\RakNet-3.25\Source\EmailSender.cpp(113,3): warning C4996: 'sprintf': This function or variable may be unsafe. Consider using sprintf_s instead. To disable deprecation, use _CRT_SECURE_NO_WARNINGS. See online help for details.
D:\CurrGamesProjects\ImpressiveTitleRemakePOCData\KITOBase - Copie\deps\RakNet-3.25\Source\EmailSender.cpp(127,3): warning C4996: 'sprintf': This function or variable may be unsafe. Consider using sprintf_s instead. To disable deprecation, use _CRT_SECURE_NO_WARNINGS. See online help for details.
D:\CurrGamesProjects\ImpressiveTitleRemakePOCData\KITOBase - Copie\deps\RakNet-3.25\Source\EmailSender.cpp(132,3): warning C4996: 'sprintf': This function or variable may be unsafe. Consider using sprintf_s instead. To disable deprecation, use _CRT_SECURE_NO_WARNINGS. See online help for details.
D:\CurrGamesProjects\ImpressiveTitleRemakePOCData\KITOBase - Copie\deps\RakNet-3.25\Source\EmailSender.cpp(137,3): warning C4996: 'sprintf': This function or variable may be unsafe. Consider using sprintf_s instead. To disable deprecation, use _CRT_SECURE_NO_WARNINGS. See online help for details.
D:\CurrGamesProjects\ImpressiveTitleRemakePOCData\KITOBase - Copie\deps\RakNet-3.25\Source\EmailSender.cpp(153,2): warning C4996: 'sprintf': This function or variable may be unsafe. Consider using sprintf_s instead. To disable deprecation, use _CRT_SECURE_NO_WARNINGS. See online help for details.
D:\CurrGamesProjects\ImpressiveTitleRemakePOCData\KITOBase - Copie\deps\RakNet-3.25\Source\EmailSender.cpp(158,3): warning C4996: 'sprintf': This function or variable may be unsafe. Consider using sprintf_s instead. To disable deprecation, use _CRT_SECURE_NO_WARNINGS. See online help for details.
D:\CurrGamesProjects\ImpressiveTitleRemakePOCData\KITOBase - Copie\deps\RakNet-3.25\Source\EmailSender.cpp(161,3): warning C4996: 'sprintf': This function or variable may be unsafe. Consider using sprintf_s instead. To disable deprecation, use _CRT_SECURE_NO_WARNINGS. See online help for details.
D:\CurrGamesProjects\ImpressiveTitleRemakePOCData\KITOBase - Copie\deps\RakNet-3.25\Source\EmailSender.cpp(165,2): warning C4996: 'sprintf': This function or variable may be unsafe. Consider using sprintf_s instead. To disable deprecation, use _CRT_SECURE_NO_WARNINGS. See online help for details.
D:\CurrGamesProjects\ImpressiveTitleRemakePOCData\KITOBase - Copie\deps\RakNet-3.25\Source\EmailSender.cpp(250,4): warning C4996: 'sprintf': This function or variable may be unsafe. Consider using sprintf_s instead. To disable deprecation, use _CRT_SECURE_NO_WARNINGS. See online help for details.
D:\CurrGamesProjects\ImpressiveTitleRemakePOCData\KITOBase - Copie\deps\RakNet-3.25\Source\EmailSender.cpp(253,4): warning C4996: 'sprintf': This function or variable may be unsafe. Consider using sprintf_s instead. To disable deprecation, use _CRT_SECURE_NO_WARNINGS. See online help for details.
D:\CurrGamesProjects\ImpressiveTitleRemakePOCData\KITOBase - Copie\deps\RakNet-3.25\Source\EmailSender.cpp(267,3): warning C4996: 'sprintf': This function or variable may be unsafe. Consider using sprintf_s instead. To disable deprecation, use _CRT_SECURE_NO_WARNINGS. See online help for details.
D:\CurrGamesProjects\ImpressiveTitleRemakePOCData\KITOBase - Copie\deps\RakNet-3.25\Source\EmailSender.cpp(272,2): warning C4996: 'sprintf': This function or variable may be unsafe. Consider using sprintf_s instead. To disable deprecation, use _CRT_SECURE_NO_WARNINGS. See online help for details.
  EncodeClassName.cpp
  EpochTimeToString.cpp
D:\CurrGamesProjects\ImpressiveTitleRemakePOCData\KITOBase - Copie\deps\RakNet-3.25\Source\EpochTimeToString.cpp(20,13): warning C4996: 'localtime': This function or variable may be unsafe. Consider using localtime_s instead. To disable deprecation, use _CRT_SECURE_NO_WARNINGS. See online help for details.
  ExtendedOverlappedPool.cpp
  FileList.cpp
D:\CurrGamesProjects\ImpressiveTitleRemakePOCData\KITOBase - Copie\deps\RakNet-3.25\Source\FileList.cpp(79,13): warning C4996: 'fopen': This function or variable may be unsafe. Consider using fopen_s instead. To disable deprecation, use _CRT_SECURE_NO_WARNINGS. See online help for details.
D:\CurrGamesProjects\ImpressiveTitleRemakePOCData\KITOBase - Copie\deps\RakNet-3.25\Source\FileList.cpp(159,2): warning C4996: 'strcpy': This function or variable may be unsafe. Consider using strcpy_s instead. To disable deprecation, use _CRT_SECURE_NO_WARNINGS. See online help for details.
D:\CurrGamesProjects\ImpressiveTitleRemakePOCData\KITOBase - Copie\deps\RakNet-3.25\Source\FileList.cpp(175,3): warning C4996: 'strcpy': This function or variable may be unsafe. Consider using strcpy_s instead. To disable deprecation, use _CRT_SECURE_NO_WARNINGS. See online help for details.
D:\CurrGamesProjects\ImpressiveTitleRemakePOCData\KITOBase - Copie\deps\RakNet-3.25\Source\FileList.cpp(182,3): warning C4996: 'strcpy': This function or variable may be unsafe. Consider using strcpy_s instead. To disable deprecation, use _CRT_SECURE_NO_WARNINGS. See online help for details.
D:\CurrGamesProjects\ImpressiveTitleRemakePOCData\KITOBase - Copie\deps\RakNet-3.25\Source\FileList.cpp(191,3): warning C4996: 'strcat': This function or variable may be unsafe. Consider using strcat_s instead. To disable deprecation, use _CRT_SECURE_NO_WARNINGS. See online help for details.
D:\CurrGamesProjects\ImpressiveTitleRemakePOCData\KITOBase - Copie\deps\RakNet-3.25\Source\FileList.cpp(201,3): warning C4996: 'strcpy': This function or variable may be unsafe. Consider using strcpy_s instead. To disable deprecation, use _CRT_SECURE_NO_WARNINGS. See online help for details.
D:\CurrGamesProjects\ImpressiveTitleRemakePOCData\KITOBase - Copie\deps\RakNet-3.25\Source\FileList.cpp(203,3): warning C4996: 'strcat': This function or variable may be unsafe. Consider using strcat_s instead. To disable deprecation, use _CRT_SECURE_NO_WARNINGS. See online help for details.
D:\CurrGamesProjects\ImpressiveTitleRemakePOCData\KITOBase - Copie\deps\RakNet-3.25\Source\FileList.cpp(232,5): warning C4996: 'strcpy': This function or variable may be unsafe. Consider using strcpy_s instead. To disable deprecation, use _CRT_SECURE_NO_WARNINGS. See online help for details.
D:\CurrGamesProjects\ImpressiveTitleRemakePOCData\KITOBase - Copie\deps\RakNet-3.25\Source\FileList.cpp(233,5): warning C4996: 'strcat': This function or variable may be unsafe. Consider using strcat_s instead. To disable deprecation, use _CRT_SECURE_NO_WARNINGS. See online help for details.
D:\CurrGamesProjects\ImpressiveTitleRemakePOCData\KITOBase - Copie\deps\RakNet-3.25\Source\FileList.cpp(290,5): warning C4996: 'strcpy': This function or variable may be unsafe. Consider using strcpy_s instead. To disable deprecation, use _CRT_SECURE_NO_WARNINGS. See online help for details.
D:\CurrGamesProjects\ImpressiveTitleRemakePOCData\KITOBase - Copie\deps\RakNet-3.25\Source\FileList.cpp(291,5): warning C4996: 'strcat': This function or variable may be unsafe. Consider using strcat_s instead. To disable deprecation, use _CRT_SECURE_NO_WARNINGS. See online help for details.
D:\CurrGamesProjects\ImpressiveTitleRemakePOCData\KITOBase - Copie\deps\RakNet-3.25\Source\FileList.cpp(292,5): warning C4996: 'strcat': This function or variable may be unsafe. Consider using strcat_s instead. To disable deprecation, use _CRT_SECURE_NO_WARNINGS. See online help for details.
D:\CurrGamesProjects\ImpressiveTitleRemakePOCData\KITOBase - Copie\deps\RakNet-3.25\Source\FileList.cpp(242,11): warning C4996: 'fopen': This function or variable may be unsafe. Consider using fopen_s instead. To disable deprecation, use _CRT_SECURE_NO_WARNINGS. See online help for details.
D:\CurrGamesProjects\ImpressiveTitleRemakePOCData\KITOBase - Copie\deps\RakNet-3.25\Source\FileList.cpp(271,11): warning C4996: 'fopen': This function or variable may be unsafe. Consider using fopen_s instead. To disable deprecation, use _CRT_SECURE_NO_WARNINGS. See online help for details.
D:\CurrGamesProjects\ImpressiveTitleRemakePOCData\KITOBase - Copie\deps\RakNet-3.25\Source\FileList.cpp(386,3): warning C4996: 'strcpy': This function or variable may be unsafe. Consider using strcpy_s instead. To disable deprecation, use _CRT_SECURE_NO_WARNINGS. See online help for details.
D:\CurrGamesProjects\ImpressiveTitleRemakePOCData\KITOBase - Copie\deps\RakNet-3.25\Source\FileList.cpp(472,3): warning C4996: 'strcpy': This function or variable may be unsafe. Consider using strcpy_s instead. To disable deprecation, use _CRT_SECURE_NO_WARNINGS. See online help for details.
D:\CurrGamesProjects\ImpressiveTitleRemakePOCData\KITOBase - Copie\deps\RakNet-3.25\Source\FileList.cpp(474,3): warning C4996: 'strcat': This function or variable may be unsafe. Consider using strcat_s instead. To disable deprecation, use _CRT_SECURE_NO_WARNINGS. See online help for details.
D:\CurrGamesProjects\ImpressiveTitleRemakePOCData\KITOBase - Copie\deps\RakNet-3.25\Source\FileList.cpp(475,6): warning C4996: 'fopen': This function or variable may be unsafe. Consider using fopen_s instead. To disable deprecation, use _CRT_SECURE_NO_WARNINGS. See online help for details.
D:\CurrGamesProjects\ImpressiveTitleRemakePOCData\KITOBase - Copie\deps\RakNet-3.25\Source\FileList.cpp(529,3): warning C4996: 'strcpy': This function or variable may be unsafe. Consider using strcpy_s instead. To disable deprecation, use _CRT_SECURE_NO_WARNINGS. See online help for details.
D:\CurrGamesProjects\ImpressiveTitleRemakePOCData\KITOBase - Copie\deps\RakNet-3.25\Source\FileList.cpp(531,3): warning C4996: 'strcat': This function or variable may be unsafe. Consider using strcat_s instead. To disable deprecation, use _CRT_SECURE_NO_WARNINGS. See online help for details.
D:\CurrGamesProjects\ImpressiveTitleRemakePOCData\KITOBase - Copie\deps\RakNet-3.25\Source\FileList.cpp(532,6): warning C4996: 'fopen': This function or variable may be unsafe. Consider using fopen_s instead. To disable deprecation, use _CRT_SECURE_NO_WARNINGS. See online help for details.
D:\CurrGamesProjects\ImpressiveTitleRemakePOCData\KITOBase - Copie\deps\RakNet-3.25\Source\FileList.cpp(607,3): warning C4996: 'strcpy': This function or variable may be unsafe. Consider using strcpy_s instead. To disable deprecation, use _CRT_SECURE_NO_WARNINGS. See online help for details.
D:\CurrGamesProjects\ImpressiveTitleRemakePOCData\KITOBase - Copie\deps\RakNet-3.25\Source\FileList.cpp(609,3): warning C4996: 'strcat': This function or variable may be unsafe. Consider using strcat_s instead. To disable deprecation, use _CRT_SECURE_NO_WARNINGS. See online help for details.
D:\CurrGamesProjects\ImpressiveTitleRemakePOCData\KITOBase - Copie\deps\RakNet-3.25\Source\FileList.cpp(651,3): warning C4996: 'strcpy': This function or variable may be unsafe. Consider using strcpy_s instead. To disable deprecation, use _CRT_SECURE_NO_WARNINGS. See online help for details.
D:\CurrGamesProjects\ImpressiveTitleRemakePOCData\KITOBase - Copie\deps\RakNet-3.25\Source\FileList.cpp(653,3): warning C4996: 'strcat': This function or variable may be unsafe. Consider using strcat_s instead. To disable deprecation, use _CRT_SECURE_NO_WARNINGS. See online help for details.
D:\CurrGamesProjects\ImpressiveTitleRemakePOCData\KITOBase - Copie\deps\RakNet-3.25\Source\FileList.cpp(658,22): warning C4996: 'unlink': The POSIX name for this item is deprecated. Instead, use the ISO C and C++ conformant name: _unlink. See online help for details.
D:\CurrGamesProjects\ImpressiveTitleRemakePOCData\KITOBase - Copie\deps\RakNet-3.25\Source\FileList.cpp(676,3): warning C4996: 'strcat': This function or variable may be unsafe. Consider using strcat_s instead. To disable deprecation, use _CRT_SECURE_NO_WARNINGS. See online help for details.
  FileListTransfer.cpp
  Génération de code en cours...
  Compilation en cours...
  FileOperations.cpp
D:\CurrGamesProjects\ImpressiveTitleRemakePOCData\KITOBase - Copie\deps\RakNet-3.25\Source\FileOperations.cpp(36,2): warning C4996: 'strcpy': This function or variable may be unsafe. Consider using strcpy_s instead. To disable deprecation, use _CRT_SECURE_NO_WARNINGS. See online help for details.
D:\CurrGamesProjects\ImpressiveTitleRemakePOCData\KITOBase - Copie\deps\RakNet-3.25\Source\FileOperations.cpp(50,11): warning C4996: 'mkdir': The POSIX name for this item is deprecated. Instead, use the ISO C and C++ conformant name: _mkdir. See online help for details.
D:\CurrGamesProjects\ImpressiveTitleRemakePOCData\KITOBase - Copie\deps\RakNet-3.25\Source\FileOperations.cpp(70,8): warning C4996: 'fopen': This function or variable may be unsafe. Consider using fopen_s instead. To disable deprecation, use _CRT_SECURE_NO_WARNINGS. See online help for details.
D:\CurrGamesProjects\ImpressiveTitleRemakePOCData\KITOBase - Copie\deps\RakNet-3.25\Source\FileOperations.cpp(86,9): warning C4996: 'mkdir': The POSIX name for this item is deprecated. Instead, use the ISO C and C++ conformant name: _mkdir. See online help for details.
D:\CurrGamesProjects\ImpressiveTitleRemakePOCData\KITOBase - Copie\deps\RakNet-3.25\Source\FileOperations.cpp(126,2): warning C4996: 'strcpy': This function or variable may be unsafe. Consider using strcpy_s instead. To disable deprecation, use _CRT_SECURE_NO_WARNINGS. See online help for details.
D:\CurrGamesProjects\ImpressiveTitleRemakePOCData\KITOBase - Copie\deps\RakNet-3.25\Source\FileOperations.cpp(128,2): warning C4996: 'strcat': This function or variable may be unsafe. Consider using strcat_s instead. To disable deprecation, use _CRT_SECURE_NO_WARNINGS. See online help for details.
  FormatString.cpp
D:\CurrGamesProjects\ImpressiveTitleRemakePOCData\KITOBase - Copie\deps\RakNet-3.25\Source\FormatString.cpp(15,2): warning C4996: '_vsnprintf': This function or variable may be unsafe. Consider using _vsnprintf_s instead. To disable deprecation, use _CRT_SECURE_NO_WARNINGS. See online help for details.
  FullyConnectedMesh.cpp
  FunctionThread.cpp
  GetTime.cpp
  GridSectorizer.cpp
  HTTPConnection.cpp
  Itoa.cpp
  LightweightDatabaseClient.cpp
  LightweightDatabaseCommon.cpp
  LightweightDatabaseServer.cpp
D:\CurrGamesProjects\ImpressiveTitleRemakePOCData\KITOBase - Copie\deps\RakNet-3.25\Source\LightweightDatabaseServer.cpp(62,2): warning C4996: 'strncpy': This function or variable may be unsafe. Consider using strncpy_s instead. To disable deprecation, use _CRT_SECURE_NO_WARNINGS. See online help for details.
D:\CurrGamesProjects\ImpressiveTitleRemakePOCData\KITOBase - Copie\deps\RakNet-3.25\Source\LightweightDatabaseServer.cpp(67,3): warning C4996: 'strncpy': This function or variable may be unsafe. Consider using strncpy_s instead. To disable deprecation, use _CRT_SECURE_NO_WARNINGS. See online help for details.
D:\CurrGamesProjects\ImpressiveTitleRemakePOCData\KITOBase - Copie\deps\RakNet-3.25\Source\LightweightDatabaseServer.cpp(75,3): warning C4996: 'strncpy': This function or variable may be unsafe. Consider using strncpy_s instead. To disable deprecation, use _CRT_SECURE_NO_WARNINGS. See online help for details.
D:\CurrGamesProjects\ImpressiveTitleRemakePOCData\KITOBase - Copie\deps\RakNet-3.25\Source\LightweightDatabaseServer.cpp(83,3): warning C4996: 'strncpy': This function or variable may be unsafe. Consider using strncpy_s instead. To disable deprecation, use _CRT_SECURE_NO_WARNINGS. See online help for details.
  LinuxStrings.cpp
  LogCommandParser.cpp
D:\CurrGamesProjects\ImpressiveTitleRemakePOCData\KITOBase - Copie\deps\RakNet-3.25\Source\LogCommandParser.cpp(141,3): warning C4996: 'strcat': This function or variable may be unsafe. Consider using strcat_s instead. To disable deprecation, use _CRT_SECURE_NO_WARNINGS. See online help for details.
D:\CurrGamesProjects\ImpressiveTitleRemakePOCData\KITOBase - Copie\deps\RakNet-3.25\Source\LogCommandParser.cpp(127,2): warning C4996: '_vsnprintf': This function or variable may be unsafe. Consider using _vsnprintf_s instead. To disable deprecation, use _CRT_SECURE_NO_WARNINGS. See online help for details.
  MessageFilter.cpp
D:\CurrGamesProjects\ImpressiveTitleRemakePOCData\KITOBase - Copie\deps\RakNet-3.25\Source\MessageFilter.cpp(65,3): warning C4996: 'strcpy': This function or variable may be unsafe. Consider using strcpy_s instead. To disable deprecation, use _CRT_SECURE_NO_WARNINGS. See online help for details.
  NatPunchthrough.cpp
  NetworkIDManager.cpp
  NetworkIDObject.cpp
  PacketConsoleLogger.cpp
  PacketFileLogger.cpp
D:\CurrGamesProjects\ImpressiveTitleRemakePOCData\KITOBase - Copie\deps\RakNet-3.25\Source\PacketFileLogger.cpp(21,3): warning C4996: 'sprintf': This function or variable may be unsafe. Consider using sprintf_s instead. To disable deprecation, use _CRT_SECURE_NO_WARNINGS. See online help for details.
D:\CurrGamesProjects\ImpressiveTitleRemakePOCData\KITOBase - Copie\deps\RakNet-3.25\Source\PacketFileLogger.cpp(23,3): warning C4996: 'sprintf': This function or variable may be unsafe. Consider using sprintf_s instead. To disable deprecation, use _CRT_SECURE_NO_WARNINGS. See online help for details.
D:\CurrGamesProjects\ImpressiveTitleRemakePOCData\KITOBase - Copie\deps\RakNet-3.25\Source\PacketFileLogger.cpp(24,18): warning C4996: 'fopen': This function or variable may be unsafe. Consider using fopen_s instead. To disable deprecation, use _CRT_SECURE_NO_WARNINGS. See online help for details.
  PacketLogger.cpp
D:\CurrGamesProjects\ImpressiveTitleRemakePOCData\KITOBase - Copie\deps\RakNet-3.25\Source\PacketLogger.cpp(68,3): warning C4996: 'sprintf': This function or variable may be unsafe. Consider using sprintf_s instead. To disable deprecation, use _CRT_SECURE_NO_WARNINGS. See online help for details.
D:\CurrGamesProjects\ImpressiveTitleRemakePOCData\KITOBase - Copie\deps\RakNet-3.25\Source\PacketLogger.cpp(81,2): warning C4996: 'sprintf': This function or variable may be unsafe. Consider using sprintf_s instead. To disable deprecation, use _CRT_SECURE_NO_WARNINGS. See online help for details.
D:\CurrGamesProjects\ImpressiveTitleRemakePOCData\KITOBase - Copie\deps\RakNet-3.25\Source\PacketLogger.cpp(296,2): warning C4996: 'strncpy': This function or variable may be unsafe. Consider using strncpy_s instead. To disable deprecation, use _CRT_SECURE_NO_WARNINGS. See online help for details.
D:\CurrGamesProjects\ImpressiveTitleRemakePOCData\KITOBase - Copie\deps\RakNet-3.25\Source\PacketLogger.cpp(301,2): warning C4996: 'strncpy': This function or variable may be unsafe. Consider using strncpy_s instead. To disable deprecation, use _CRT_SECURE_NO_WARNINGS. See online help for details.
  Génération de code en cours...
  Compilation en cours...
  PluginInterface.cpp
  RakMemoryOverride.cpp
  RakNetCommandParser.cpp
  RakNetStatistics.cpp
D:\CurrGamesProjects\ImpressiveTitleRemakePOCData\KITOBase - Copie\deps\RakNet-3.25\Source\RakNetStatistics.cpp(31,3): warning C4996: 'sprintf': This function or variable may be unsafe. Consider using sprintf_s instead. To disable deprecation, use _CRT_SECURE_NO_WARNINGS. See online help for details.
D:\CurrGamesProjects\ImpressiveTitleRemakePOCData\KITOBase - Copie\deps\RakNet-3.25\Source\RakNetStatistics.cpp(38,3): warning C4996: 'sprintf': This function or variable may be unsafe. Consider using sprintf_s instead. To disable deprecation, use _CRT_SECURE_NO_WARNINGS. See online help for details.
D:\CurrGamesProjects\ImpressiveTitleRemakePOCData\KITOBase - Copie\deps\RakNet-3.25\Source\RakNetStatistics.cpp(58,3): warning C4996: 'sprintf': This function or variable may be unsafe. Consider using sprintf_s instead. To disable deprecation, use _CRT_SECURE_NO_WARNINGS. See online help for details.
D:\CurrGamesProjects\ImpressiveTitleRemakePOCData\KITOBase - Copie\deps\RakNet-3.25\Source\RakNetStatistics.cpp(105,3): warning C4996: 'sprintf': This function or variable may be unsafe. Consider using sprintf_s instead. To disable deprecation, use _CRT_SECURE_NO_WARNINGS. See online help for details.
  RakNetTransport.cpp
D:\CurrGamesProjects\ImpressiveTitleRemakePOCData\KITOBase - Copie\deps\RakNet-3.25\Source\RakNetTransport.cpp(98,2): warning C4996: '_vsnprintf': This function or variable may be unsafe. Consider using _vsnprintf_s instead. To disable deprecation, use _CRT_SECURE_NO_WARNINGS. See online help for details.
  RakNetTypes.cpp
D:\CurrGamesProjects\ImpressiveTitleRemakePOCData\KITOBase - Copie\deps\RakNet-3.25\Source\RakNetTypes.cpp(43,3): warning C4996: 'strcpy': This function or variable may be unsafe. Consider using strcpy_s instead. To disable deprecation, use _CRT_SECURE_NO_WARNINGS. See online help for details.
D:\CurrGamesProjects\ImpressiveTitleRemakePOCData\KITOBase - Copie\deps\RakNet-3.25\Source\RakNetTypes.cpp(86,2): warning C4996: 'strcpy': This function or variable may be unsafe. Consider using strcpy_s instead. To disable deprecation, use _CRT_SECURE_NO_WARNINGS. See online help for details.
D:\CurrGamesProjects\ImpressiveTitleRemakePOCData\KITOBase - Copie\deps\RakNet-3.25\Source\RakNetTypes.cpp(89,3): warning C4996: 'strcat': This function or variable may be unsafe. Consider using strcat_s instead. To disable deprecation, use _CRT_SECURE_NO_WARNINGS. See online help for details.
D:\CurrGamesProjects\ImpressiveTitleRemakePOCData\KITOBase - Copie\deps\RakNet-3.25\Source\RakNetTypes.cpp(86,24): warning C4996: 'inet_ntoa': Use inet_ntop() or InetNtop() instead or define _WINSOCK_DEPRECATED_NO_WARNINGS to disable deprecated API warnings
  RakNetworkFactory.cpp
  RakPeer.cpp
D:\CurrGamesProjects\ImpressiveTitleRemakePOCData\KITOBase - Copie\deps\RakNet-3.25\Source\RakPeer.cpp(137,46): warning C4838: la conversion de 'unsigned int' en 'const int' requiert une conversion restrictive
D:\CurrGamesProjects\ImpressiveTitleRemakePOCData\KITOBase - Copie\deps\RakNet-3.25\Source\RakPeer.cpp(137,57): warning C4838: la conversion de 'unsigned int' en 'const int' requiert une conversion restrictive
D:\CurrGamesProjects\ImpressiveTitleRemakePOCData\KITOBase - Copie\deps\RakNet-3.25\Source\RakPeer.cpp(137,68): warning C4838: la conversion de 'unsigned int' en 'const int' requiert une conversion restrictive
D:\CurrGamesProjects\ImpressiveTitleRemakePOCData\KITOBase - Copie\deps\RakNet-3.25\Source\RakPeer.cpp(374,36): warning C4996: 'inet_addr': Use inet_pton() or InetPton() instead or define _WINSOCK_DEPRECATED_NO_WARNINGS to disable deprecated API warnings
D:\CurrGamesProjects\ImpressiveTitleRemakePOCData\KITOBase - Copie\deps\RakNet-3.25\Source\RakPeer.cpp(376,36): warning C4996: 'inet_addr': Use inet_pton() or InetPton() instead or define _WINSOCK_DEPRECATED_NO_WARNINGS to disable deprecated API warnings
D:\CurrGamesProjects\ImpressiveTitleRemakePOCData\KITOBase - Copie\deps\RakNet-3.25\Source\RakPeer.cpp(1747,2): warning C4996: 'strcpy': This function or variable may be unsafe. Consider using strcpy_s instead. To disable deprecation, use _CRT_SECURE_NO_WARNINGS. See online help for details.
D:\CurrGamesProjects\ImpressiveTitleRemakePOCData\KITOBase - Copie\deps\RakNet-3.25\Source\RakPeer.cpp(2697,4): warning C4996: 'strcpy': This function or variable may be unsafe. Consider using strcpy_s instead. To disable deprecation, use _CRT_SECURE_NO_WARNINGS. See online help for details.
D:\CurrGamesProjects\ImpressiveTitleRemakePOCData\KITOBase - Copie\deps\RakNet-3.25\Source\RakPeer.cpp(2699,4): warning C4996: 'strcpy': This function or variable may be unsafe. Consider using strcpy_s instead. To disable deprecation, use _CRT_SECURE_NO_WARNINGS. See online help for details.
  -- RakNet: _RAKNET_THREADSAFE not defined.  Do NOT use multiple threads on the same instance of RakPeer (Fast!). --
  -- RakNet: Using WaitForSingleObject. Comment out USE_WAIT_FOR_MULTIPLE_EVENTS in RakNetDefines.h if you want to use Sleep instead. --
  RakSleep.cpp
  RakString.cpp
D:\CurrGamesProjects\ImpressiveTitleRemakePOCData\KITOBase - Copie\deps\RakNet-3.25\Source\RakString.cpp(52,2): warning C4996: '_vsnprintf': This function or variable may be unsafe. Consider using _vsnprintf_s instead. To disable deprecation, use _CRT_SECURE_NO_WARNINGS. See online help for details.
D:\CurrGamesProjects\ImpressiveTitleRemakePOCData\KITOBase - Copie\deps\RakNet-3.25\Source\RakString.cpp(61,2): warning C4996: '_vsnprintf': This function or variable may be unsafe. Consider using _vsnprintf_s instead. To disable deprecation, use _CRT_SECURE_NO_WARNINGS. See online help for details.
D:\CurrGamesProjects\ImpressiveTitleRemakePOCData\KITOBase - Copie\deps\RakNet-3.25\Source\RakString.cpp(111,3): warning C4996: 'strcpy': This function or variable may be unsafe. Consider using strcpy_s instead. To disable deprecation, use _CRT_SECURE_NO_WARNINGS. See online help for details.
D:\CurrGamesProjects\ImpressiveTitleRemakePOCData\KITOBase - Copie\deps\RakNet-3.25\Source\RakString.cpp(135,3): warning C4996: 'strcat': This function or variable may be unsafe. Consider using strcat_s instead. To disable deprecation, use _CRT_SECURE_NO_WARNINGS. See online help for details.
D:\CurrGamesProjects\ImpressiveTitleRemakePOCData\KITOBase - Copie\deps\RakNet-3.25\Source\RakString.cpp(153,3): warning C4996: 'strcat': This function or variable may be unsafe. Consider using strcat_s instead. To disable deprecation, use _CRT_SECURE_NO_WARNINGS. See online help for details.
D:\CurrGamesProjects\ImpressiveTitleRemakePOCData\KITOBase - Copie\deps\RakNet-3.25\Source\RakString.cpp(241,2): warning C4996: 'strcpy': This function or variable may be unsafe. Consider using strcpy_s instead. To disable deprecation, use _CRT_SECURE_NO_WARNINGS. See online help for details.
D:\CurrGamesProjects\ImpressiveTitleRemakePOCData\KITOBase - Copie\deps\RakNet-3.25\Source\RakString.cpp(242,2): warning C4996: 'strcat': This function or variable may be unsafe. Consider using strcat_s instead. To disable deprecation, use _CRT_SECURE_NO_WARNINGS. See online help for details.
D:\CurrGamesProjects\ImpressiveTitleRemakePOCData\KITOBase - Copie\deps\RakNet-3.25\Source\RakString.cpp(269,2): warning C4996: '_vsnprintf': This function or variable may be unsafe. Consider using _vsnprintf_s instead. To disable deprecation, use _CRT_SECURE_NO_WARNINGS. See online help for details.
D:\CurrGamesProjects\ImpressiveTitleRemakePOCData\KITOBase - Copie\deps\RakNet-3.25\Source\RakString.cpp(481,2): warning C4996: 'sprintf': This function or variable may be unsafe. Consider using sprintf_s instead. To disable deprecation, use _CRT_SECURE_NO_WARNINGS. See online help for details.
D:\CurrGamesProjects\ImpressiveTitleRemakePOCData\KITOBase - Copie\deps\RakNet-3.25\Source\RakString.cpp(495,2): warning C4996: 'sprintf': This function or variable may be unsafe. Consider using sprintf_s instead. To disable deprecation, use _CRT_SECURE_NO_WARNINGS. See online help for details.
  RakThread.cpp
  Rand.cpp
  ReadyEvent.cpp
  ReliabilityLayer.cpp
  ReplicaManager.cpp
  ReplicaManager2.cpp
  rijndael.cpp
D:\CurrGamesProjects\ImpressiveTitleRemakePOCData\KITOBase - Copie\deps\RakNet-3.25\Source\rijndael.cpp(502,3): warning C4996: 'strncpy': This function or variable may be unsafe. Consider using strncpy_s instead. To disable deprecation, use _CRT_SECURE_NO_WARNINGS. See online help for details.
  Router.cpp
  RPCMap.cpp
D:\CurrGamesProjects\ImpressiveTitleRemakePOCData\KITOBase - Copie\deps\RakNet-3.25\Source\RPCMap.cpp(90,2): warning C4996: 'strcpy': This function or variable may be unsafe. Consider using strcpy_s instead. To disable deprecation, use _CRT_SECURE_NO_WARNINGS. See online help for details.
D:\CurrGamesProjects\ImpressiveTitleRemakePOCData\KITOBase - Copie\deps\RakNet-3.25\Source\RPCMap.cpp(132,2): warning C4996: 'strcpy': This function or variable may be unsafe. Consider using strcpy_s instead. To disable deprecation, use _CRT_SECURE_NO_WARNINGS. See online help for details.
  SHA1.cpp
D:\CurrGamesProjects\ImpressiveTitleRemakePOCData\KITOBase - Copie\deps\RakNet-3.25\Source\SHA1.cpp(201,15): warning C4996: 'fopen': This function or variable may be unsafe. Consider using fopen_s instead. To disable deprecation, use _CRT_SECURE_NO_WARNINGS. See online help for details.
D:\CurrGamesProjects\ImpressiveTitleRemakePOCData\KITOBase - Copie\deps\RakNet-3.25\Source\SHA1.cpp(289,3): warning C4996: 'strcat': This function or variable may be unsafe. Consider using strcat_s instead. To disable deprecation, use _CRT_SECURE_NO_WARNINGS. See online help for details.
D:\CurrGamesProjects\ImpressiveTitleRemakePOCData\KITOBase - Copie\deps\RakNet-3.25\Source\SHA1.cpp(294,4): warning C4996: 'strcat': This function or variable may be unsafe. Consider using strcat_s instead. To disable deprecation, use _CRT_SECURE_NO_WARNINGS. See online help for details.
D:\CurrGamesProjects\ImpressiveTitleRemakePOCData\KITOBase - Copie\deps\RakNet-3.25\Source\SHA1.cpp(302,4): warning C4996: 'strcat': This function or variable may be unsafe. Consider using strcat_s instead. To disable deprecation, use _CRT_SECURE_NO_WARNINGS. See online help for details.
D:\CurrGamesProjects\ImpressiveTitleRemakePOCData\KITOBase - Copie\deps\RakNet-3.25\Source\SHA1.cpp(307,5): warning C4996: 'strcat': This function or variable may be unsafe. Consider using strcat_s instead. To disable deprecation, use _CRT_SECURE_NO_WARNINGS. See online help for details.
D:\CurrGamesProjects\ImpressiveTitleRemakePOCData\KITOBase - Copie\deps\RakNet-3.25\Source\SHA1.cpp(312,4): warning C4996: 'strcpy': This function or variable may be unsafe. Consider using strcpy_s instead. To disable deprecation, use _CRT_SECURE_NO_WARNINGS. See online help for details.
D:\CurrGamesProjects\ImpressiveTitleRemakePOCData\KITOBase - Copie\deps\RakNet-3.25\Source\SHA1.cpp(288,3): warning C4996: 'sprintf': This function or variable may be unsafe. Consider using sprintf_s instead. To disable deprecation, use _CRT_SECURE_NO_WARNINGS. See online help for details.
D:\CurrGamesProjects\ImpressiveTitleRemakePOCData\KITOBase - Copie\deps\RakNet-3.25\Source\SHA1.cpp(293,4): warning C4996: 'sprintf': This function or variable may be unsafe. Consider using sprintf_s instead. To disable deprecation, use _CRT_SECURE_NO_WARNINGS. See online help for details.
D:\CurrGamesProjects\ImpressiveTitleRemakePOCData\KITOBase - Copie\deps\RakNet-3.25\Source\SHA1.cpp(301,4): warning C4996: 'sprintf': This function or variable may be unsafe. Consider using sprintf_s instead. To disable deprecation, use _CRT_SECURE_NO_WARNINGS. See online help for details.
D:\CurrGamesProjects\ImpressiveTitleRemakePOCData\KITOBase - Copie\deps\RakNet-3.25\Source\SHA1.cpp(306,5): warning C4996: 'sprintf': This function or variable may be unsafe. Consider using sprintf_s instead. To disable deprecation, use _CRT_SECURE_NO_WARNINGS. See online help for details.
  Génération de code en cours...
  Compilation en cours...
  SimpleMutex.cpp
  SocketLayer.cpp
D:\CurrGamesProjects\ImpressiveTitleRemakePOCData\KITOBase - Copie\deps\RakNet-3.25\Source\SocketLayer.cpp(283,43): warning C4996: 'inet_addr': Use inet_pton() or InetPton() instead or define _WINSOCK_DEPRECATED_NO_WARNINGS to disable deprecated API warnings
D:\CurrGamesProjects\ImpressiveTitleRemakePOCData\KITOBase - Copie\deps\RakNet-3.25\Source\SocketLayer.cpp(348,25): warning C4996: 'gethostbyname': Use getaddrinfo() or GetAddrInfoW() instead or define _WINSOCK_DEPRECATED_NO_WARNINGS to disable deprecated API warnings
D:\CurrGamesProjects\ImpressiveTitleRemakePOCData\KITOBase - Copie\deps\RakNet-3.25\Source\SocketLayer.cpp(361,9): warning C4996: 'inet_ntoa': Use inet_ntop() or InetNtop() instead or define _WINSOCK_DEPRECATED_NO_WARNINGS to disable deprecated API warnings
D:\CurrGamesProjects\ImpressiveTitleRemakePOCData\KITOBase - Copie\deps\RakNet-3.25\Source\SocketLayer.cpp(589,18): warning C4996: 'inet_addr': Use inet_pton() or InetPton() instead or define _WINSOCK_DEPRECATED_NO_WARNINGS to disable deprecated API warnings
D:\CurrGamesProjects\ImpressiveTitleRemakePOCData\KITOBase - Copie\deps\RakNet-3.25\Source\SocketLayer.cpp(693,3): warning C4996: 'strcpy': This function or variable may be unsafe. Consider using strcpy_s instead. To disable deprecation, use _CRT_SECURE_NO_WARNINGS. See online help for details.
D:\CurrGamesProjects\ImpressiveTitleRemakePOCData\KITOBase - Copie\deps\RakNet-3.25\Source\SocketLayer.cpp(665,24): warning C4996: 'gethostbyname': Use getaddrinfo() or GetAddrInfoW() instead or define _WINSOCK_DEPRECATED_NO_WARNINGS to disable deprecated API warnings
D:\CurrGamesProjects\ImpressiveTitleRemakePOCData\KITOBase - Copie\deps\RakNet-3.25\Source\SocketLayer.cpp(693,24): warning C4996: 'inet_ntoa': Use inet_ntop() or InetNtop() instead or define _WINSOCK_DEPRECATED_NO_WARNINGS to disable deprecated API warnings
  StringCompressor.cpp
  StringTable.cpp
D:\CurrGamesProjects\ImpressiveTitleRemakePOCData\KITOBase - Copie\deps\RakNet-3.25\Source\StringTable.cpp(66,3): warning C4996: 'strcpy': This function or variable may be unsafe. Consider using strcpy_s instead. To disable deprecation, use _CRT_SECURE_NO_WARNINGS. See online help for details.
D:\CurrGamesProjects\ImpressiveTitleRemakePOCData\KITOBase - Copie\deps\RakNet-3.25\Source\StringTable.cpp(131,3): warning C4996: 'strncpy': This function or variable may be unsafe. Consider using strncpy_s instead. To disable deprecation, use _CRT_SECURE_NO_WARNINGS. See online help for details.
  SuperFastHash.cpp
D:\CurrGamesProjects\ImpressiveTitleRemakePOCData\KITOBase - Copie\deps\RakNet-3.25\Source\SuperFastHash.cpp(93,13): warning C4996: 'fopen': This function or variable may be unsafe. Consider using fopen_s instead. To disable deprecation, use _CRT_SECURE_NO_WARNINGS. See online help for details.
  SystemAddressList.cpp
D:\CurrGamesProjects\ImpressiveTitleRemakePOCData\KITOBase - Copie\deps\RakNet-3.25\Source\SystemAddressList.cpp(86,13): warning C4996: 'fopen': This function or variable may be unsafe. Consider using fopen_s instead. To disable deprecation, use _CRT_SECURE_NO_WARNINGS. See online help for details.
D:\CurrGamesProjects\ImpressiveTitleRemakePOCData\KITOBase - Copie\deps\RakNet-3.25\Source\SystemAddressList.cpp(100,14): warning C4996: 'fopen': This function or variable may be unsafe. Consider using fopen_s instead. To disable deprecation, use _CRT_SECURE_NO_WARNINGS. See online help for details.
  TableSerializer.cpp
  TCPInterface.cpp
D:\CurrGamesProjects\ImpressiveTitleRemakePOCData\KITOBase - Copie\deps\RakNet-3.25\Source\TCPInterface.cpp(198,45): warning C4996: 'inet_addr': Use inet_pton() or InetPton() instead or define _WINSOCK_DEPRECATED_NO_WARNINGS to disable deprecated API warnings
D:\CurrGamesProjects\ImpressiveTitleRemakePOCData\KITOBase - Copie\deps\RakNet-3.25\Source\TCPInterface.cpp(361,11): warning C4996: 'gethostbyname': Use getaddrinfo() or GetAddrInfoW() instead or define _WINSOCK_DEPRECATED_NO_WARNINGS to disable deprecated API warnings
  TelnetTransport.cpp
D:\CurrGamesProjects\ImpressiveTitleRemakePOCData\KITOBase - Copie\deps\RakNet-3.25\Source\TelnetTransport.cpp(53,3): warning C4996: 'strcpy': This function or variable may be unsafe. Consider using strcpy_s instead. To disable deprecation, use _CRT_SECURE_NO_WARNINGS. See online help for details.
D:\CurrGamesProjects\ImpressiveTitleRemakePOCData\KITOBase - Copie\deps\RakNet-3.25\Source\TelnetTransport.cpp(63,2): warning C4996: '_vsnprintf': This function or variable may be unsafe. Consider using _vsnprintf_s instead. To disable deprecation, use _CRT_SECURE_NO_WARNINGS. See online help for details.
D:\CurrGamesProjects\ImpressiveTitleRemakePOCData\KITOBase - Copie\deps\RakNet-3.25\Source\TelnetTransport.cpp(71,3): warning C4996: 'strncat': This function or variable may be unsafe. Consider using strncat_s instead. To disable deprecation, use _CRT_SECURE_NO_WARNINGS. See online help for details.
D:\CurrGamesProjects\ImpressiveTitleRemakePOCData\KITOBase - Copie\deps\RakNet-3.25\Source\TelnetTransport.cpp(270,3): warning C4996: 'strcpy': This function or variable may be unsafe. Consider using strcpy_s instead. To disable deprecation, use _CRT_SECURE_NO_WARNINGS. See online help for details.
D:\CurrGamesProjects\ImpressiveTitleRemakePOCData\KITOBase - Copie\deps\RakNet-3.25\Source\TelnetTransport.cpp(283,3): warning C4996: 'strcpy': This function or variable may be unsafe. Consider using strcpy_s instead. To disable deprecation, use _CRT_SECURE_NO_WARNINGS. See online help for details.
  ThreadsafePacketLogger.cpp
D:\CurrGamesProjects\ImpressiveTitleRemakePOCData\KITOBase - Copie\deps\RakNet-3.25\Source\ThreadsafePacketLogger.cpp(31,2): warning C4996: 'strcpy': This function or variable may be unsafe. Consider using strcpy_s instead. To disable deprecation, use _CRT_SECURE_NO_WARNINGS. See online help for details.
  _FindFirst.cpp
  Génération de code en cours...
C:\Program Files\Microsoft Visual Studio\2022\Community\MSBuild\Microsoft\VC\v170\Microsoft.CppBuild.targets(1557,5): warning MSB8012: TargetPath(D:\CurrGamesProjects\ImpressiveTitleRemakePOCData\KITOBase - Copie\deps\RakNet-3.25\Lib\LibStatic\Release\LibStatic.lib) ne correspond pas à la valeur de la propriété OutputFile (D:\CurrGamesProjects\ImpressiveTitleRemakePOCData\KITOBase - Copie\deps\RakNet-3.25\Lib\RakNetLibStatic.lib) de Library. Cela peut entraîner une génération incorrecte de votre projet. Pour corriger ce problème, vérifiez que les valeurs des propriétés $(OutDir), $(TargetName) et $(TargetExt) correspondent à la valeur spécifiée dans %(Lib.OutputFile).
C:\Program Files\Microsoft Visual Studio\2022\Community\MSBuild\Microsoft\VC\v170\Microsoft.CppBuild.targets(1559,5): warning MSB8012: TargetName(LibStatic) ne correspond pas à la valeur de la propriété OutputFile (RakNetLibStatic) de Library. Cela peut entraîner une génération incorrecte de votre projet. Pour corriger ce problème, vérifiez que les valeurs des propriétés $(OutDir), $(TargetName) et $(TargetExt) correspondent à la valeur spécifiée dans %(Lib.OutputFile).
  LibStatic.vcxproj -> D:\CurrGamesProjects\ImpressiveTitleRemakePOCData\KITOBase - Copie\deps\RakNet-3.25\Lib\LibStatic\Release\LibStatic.lib
